[debug] [2022-05-22T09:50:50.117Z] ----------------------------------------------------------------------
[debug] [2022-05-22T09:50:50.120Z] Command:       C:\Program Files\nodejs\node.exe C:\Users\Asadujjaman Julhas\AppData\Roaming\npm\node_modules\firebase-tools\lib\bin\firebase.js deploy
[debug] [2022-05-22T09:50:50.121Z] CLI Version:   11.0.0
[debug] [2022-05-22T09:50:50.121Z] Platform:      win32
[debug] [2022-05-22T09:50:50.121Z] Node Version:  v16.14.0
[debug] [2022-05-22T09:50:50.122Z] Time:          Sun May 22 2022 15:50:50 GMT+0600 (Bangladesh Standard Time)
[debug] [2022-05-22T09:50:50.123Z] ----------------------------------------------------------------------
[debug] 
[debug] [2022-05-22T09:50:50.205Z] > command requires scopes: ["email","openid","https://www.googleapis.com/auth/cloudplatformprojects.readonly","https://www.googleapis.com/auth/firebase","https://www.googleapis.com/auth/cloud-platform"]
[debug] [2022-05-22T09:50:50.205Z] > authorizing via signed-in user (asadjulhas@gmail.com)
[debug] [2022-05-22T09:50:50.206Z] [iam] checking project borak-tools for permissions ["firebase.projects.get","firebasehosting.sites.update"]
[debug] [2022-05-22T09:50:50.208Z] >>> [apiv2][query] POST https://cloudresourcemanager.googleapis.com/v1/projects/borak-tools:testIamPermissions [none]
[debug] [2022-05-22T09:50:50.209Z] >>> [apiv2][body] POST https://cloudresourcemanager.googleapis.com/v1/projects/borak-tools:testIamPermissions {"permissions":["firebase.projects.get","firebasehosting.sites.update"]}
[debug] [2022-05-22T09:50:51.954Z] <<< [apiv2][status] POST https://cloudresourcemanager.googleapis.com/v1/projects/borak-tools:testIamPermissions 200
[debug] [2022-05-22T09:50:51.954Z] <<< [apiv2][body] POST https://cloudresourcemanager.googleapis.com/v1/projects/borak-tools:testIamPermissions {"permissions":["firebase.projects.get","firebasehosting.sites.update"]}
[debug] [2022-05-22T09:50:51.955Z] >>> [apiv2][query] GET https://firebase.googleapis.com/v1beta1/projects/borak-tools [none]
[debug] [2022-05-22T09:50:53.174Z] <<< [apiv2][status] GET https://firebase.googleapis.com/v1beta1/projects/borak-tools 200
[debug] [2022-05-22T09:50:53.174Z] <<< [apiv2][body] GET https://firebase.googleapis.com/v1beta1/projects/borak-tools {"projectId":"borak-tools","projectNumber":"360932532828","displayName":"Borak","name":"projects/borak-tools","resources":{"hostingSite":"borak-tools"},"state":"ACTIVE"}
[info] 
[info] === Deploying to 'borak-tools'...
[info] 
[info] i  deploying hosting 
[debug] [2022-05-22T09:50:53.179Z] >>> [apiv2][query] GET https://firebase.googleapis.com/v1beta1/projects/borak-tools [none]
[debug] [2022-05-22T09:50:53.657Z] <<< [apiv2][status] GET https://firebase.googleapis.com/v1beta1/projects/borak-tools 200
[debug] [2022-05-22T09:50:53.657Z] <<< [apiv2][body] GET https://firebase.googleapis.com/v1beta1/projects/borak-tools {"projectId":"borak-tools","projectNumber":"360932532828","displayName":"Borak","name":"projects/borak-tools","resources":{"hostingSite":"borak-tools"},"state":"ACTIVE"}
[debug] [2022-05-22T09:50:53.660Z] >>> [apiv2][query] POST https://firebasehosting.googleapis.com/v1beta1/projects/360932532828/sites/borak-tools/versions [none]
[debug] [2022-05-22T09:50:53.660Z] >>> [apiv2][body] POST https://firebasehosting.googleapis.com/v1beta1/projects/360932532828/sites/borak-tools/versions {"config":{"rewrites":[{"glob":"**","path":"/index.html"}]},"labels":{"deployment-tool":"cli-firebase"}}
[debug] [2022-05-22T09:50:56.440Z] <<< [apiv2][status] POST https://firebasehosting.googleapis.com/v1beta1/projects/360932532828/sites/borak-tools/versions 200
[debug] [2022-05-22T09:50:56.440Z] <<< [apiv2][body] POST https://firebasehosting.googleapis.com/v1beta1/projects/360932532828/sites/borak-tools/versions {"name":"projects/360932532828/sites/borak-tools/versions/e5b36d9e58a3c9bc","status":"CREATED","config":{"rewrites":[{"glob":"**","path":"/index.html"}]},"labels":{"deployment-tool":"cli-firebase"}}
[info] i  hosting[borak-tools]: beginning deploy... 
[info] i  hosting[borak-tools]: found 25 files in build 
[debug] [2022-05-22T09:50:56.456Z] [hosting] uploading with 200 concurrency
[debug] [2022-05-22T09:50:56.458Z] [hosting] hash cache [YnVpbGQ] not populated
[debug] [2022-05-22T09:50:56.772Z] [hosting] hash cache [YnVpbGQ] stored for 25 files
[debug] [2022-05-22T09:50:56.772Z] [hosting][hash queue][FINAL] {"max":305,"min":16,"avg":32.8,"active":0,"complete":25,"success":25,"errored":0,"retried":0,"total":25,"elapsed":314}
[debug] [2022-05-22T09:50:56.772Z] >>> [apiv2][query] POST https://firebasehosting.googleapis.com/v1beta1/projects/360932532828/sites/borak-tools/versions/e5b36d9e58a3c9bc:populateFiles [none]
[debug] [2022-05-22T09:50:56.773Z] >>> [apiv2][body] POST https://firebasehosting.googleapis.com/v1beta1/projects/360932532828/sites/borak-tools/versions/e5b36d9e58a3c9bc:populateFiles {"files":{"/asset-manifest.json":"c4cbd9bdc01066ac534efe804a2000d9c9f349a95aba9adcd166903c496b2ead","/index.html":"ac764c453a5ee1154dbd258c106efb52d89c302b676d964f5e545b50ac04b9d8","/favicon.ico":"96eda02cef06c46583081aa60e3d6fc09f87bf9ac29569921c2777ed49df5998","/logo192.png":"3ee59515172ee198f3be375979df15ac5345183e656720a381b8872b2a39dc8b","/manifest.json":"aff3449bdc238776f5d6d967f19ec491b36aed5fb7f23ccff6500736fd58494a","/logo512.png":"ee7e2f3fdb8209c4b6fd7bef6ba50d1b9dba30a25bb5c3126df057e1cb6f5331","/product.json":"d213e60fa7b97d9f516087dfb9fa7f7bd0f89980c915cd2c7f73faf57c27f1e6","/robots.txt":"bfe106a3fb878dc83461c86818bf74fc1bdc7f28538ba613cd3e775516ce8b49","/static/js/787.513a0e0b.chunk.js":"ab653c1881bd570f7597a1d78f93107665b9d1c89bdc55a41593d705a9a4762a","/static/js/main.571e80e6.js.LICENSE.txt":"f4b992d95aa5991a56d8fb5c71e379887626235dece31121041a1b7813c7f74e","/static/js/787.513a0e0b.chunk.js.map":"e93386d85c6913d63867ca7d718ff5f1780dfd3871f358bce6e918ab1d29ff83","/static/media/product-1.7c8ca12a4366b4799ae7.jpg":"d806fffed4f2361a3957d03d38b53323c5ed2cdea76f24e871811fa5cb902d83","/static/media/s-2.e6a6d7a54db837d1eff8.jpg":"77ee3612611a4f1785d07d08165bf9550fc8e01a6b815f99fac095f31a16995a","/static/media/c-1.c2dc21aacb0a0e9d7a87.png":"a993c08b62d8f1a0bb5072fc2a64b164cb0ab0a93a1b3812c6e4198561a36426","/static/media/c-4.793f084a8820152ae5a4.png":"31e0f9b43730c7534c865afea929998e2928cdb3cdfb24751d9bf58516d3f1d9","/static/media/s-3.d2c8ace1dc655c2bbda5.jpg":"f389f07ae6a93d8b82ec234e0e020b03cd2809e5ac72c4195f6e0bb4ed6fcacb","/static/media/c-3.f5bbc110d9a1771e4aab.png":"e23b31513e8223b5f09644c6c8b3c3e1ae38968cd662545343312374fcb7cb8c","/static/media/c-5.bc89fd52f650568abba0.png":"ab45710173ecad0a3d2de83a065b165d6bd3dc57935f9468d3651201dbed2ed9","/static/css/main.8e597424.css":"60231b39911c54ca85ae5ff6749e433def896232887577957c0f2d392c1419ef","/static/media/c-2.aee20a58a83f36075cf2.png":"dbf6574e81572fae1b5fc46dee4deca8f6ecd7d71e31dda822f16ea26ebe40ec","/static/media/c-6.21a06ba5c915d5de3bf3.png":"a9013076a9405b2bc92b85009ba8ff6c7fe2b4d888b7f80bfa3a641dc73b4fe7","/static/js/main.571e80e6.js":"4d495f52a1eadb8f7aa3cc88418b2ea014adf80ac0415821087acb443cc7afa9","/static/media/s-1.d841077463aa49a1e1bb.jpg":"45db50bbc5d76e5acb55eb108bc614fc227d5ea9add816e4c088d950107d4e7d","/static/css/main.8e597424.css.map":"9870cb7c1af42698248b229dcc51c0ea7e41b6914c497aa9f8a4f2a72b9d764a","/static/js/main.571e80e6.js.map":"5931e00321547bb007e0de7feaef88efb66fba9fd25c4907e2b25fb1746fc907"}}
[debug] [2022-05-22T09:50:58.906Z] <<< [apiv2][status] POST https://firebasehosting.googleapis.com/v1beta1/projects/360932532828/sites/borak-tools/versions/e5b36d9e58a3c9bc:populateFiles 200
[debug] [2022-05-22T09:50:58.906Z] <<< [apiv2][body] POST https://firebasehosting.googleapis.com/v1beta1/projects/360932532828/sites/borak-tools/versions/e5b36d9e58a3c9bc:populateFiles {"uploadRequiredHashes":["e23b31513e8223b5f09644c6c8b3c3e1ae38968cd662545343312374fcb7cb8c","5931e00321547bb007e0de7feaef88efb66fba9fd25c4907e2b25fb1746fc907","aff3449bdc238776f5d6d967f19ec491b36aed5fb7f23ccff6500736fd58494a","d213e60fa7b97d9f516087dfb9fa7f7bd0f89980c915cd2c7f73faf57c27f1e6","9870cb7c1af42698248b229dcc51c0ea7e41b6914c497aa9f8a4f2a72b9d764a","bfe106a3fb878dc83461c86818bf74fc1bdc7f28538ba613cd3e775516ce8b49","a9013076a9405b2bc92b85009ba8ff6c7fe2b4d888b7f80bfa3a641dc73b4fe7","ac764c453a5ee1154dbd258c106efb52d89c302b676d964f5e545b50ac04b9d8","31e0f9b43730c7534c865afea929998e2928cdb3cdfb24751d9bf58516d3f1d9","4d495f52a1eadb8f7aa3cc88418b2ea014adf80ac0415821087acb443cc7afa9","96eda02cef06c46583081aa60e3d6fc09f87bf9ac29569921c2777ed49df5998","d806fffed4f2361a3957d03d38b53323c5ed2cdea76f24e871811fa5cb902d83","3ee59515172ee198f3be375979df15ac5345183e656720a381b8872b2a39dc8b","c4cbd9bdc01066ac534efe804a2000d9c9f349a95aba9adcd166903c496b2ead","f4b992d95aa5991a56d8fb5c71e379887626235dece31121041a1b7813c7f74e","ee7e2f3fdb8209c4b6fd7bef6ba50d1b9dba30a25bb5c3126df057e1cb6f5331","77ee3612611a4f1785d07d08165bf9550fc8e01a6b815f99fac095f31a16995a","60231b39911c54ca85ae5ff6749e433def896232887577957c0f2d392c1419ef","f389f07ae6a93d8b82ec234e0e020b03cd2809e5ac72c4195f6e0bb4ed6fcacb","a993c08b62d8f1a0bb5072fc2a64b164cb0ab0a93a1b3812c6e4198561a36426","ab653c1881bd570f7597a1d78f93107665b9d1c89bdc55a41593d705a9a4762a","dbf6574e81572fae1b5fc46dee4deca8f6ecd7d71e31dda822f16ea26ebe40ec","ab45710173ecad0a3d2de83a065b165d6bd3dc57935f9468d3651201dbed2ed9","45db50bbc5d76e5acb55eb108bc614fc227d5ea9add816e4c088d950107d4e7d","e93386d85c6913d63867ca7d718ff5f1780dfd3871f358bce6e918ab1d29ff83"],"uploadUrl":"https://upload-firebasehosting.googleapis.com/upload/sites/borak-tools/versions/e5b36d9e58a3c9bc/files"}
[debug] [2022-05-22T09:50:58.911Z] >>> [apiv2][query] POST https://upload-firebasehosting.googleapis.com/upload/sites/borak-tools/versions/e5b36d9e58a3c9bc/files/e23b31513e8223b5f09644c6c8b3c3e1ae38968cd662545343312374fcb7cb8c [none]
[debug] [2022-05-22T09:50:58.911Z] >>> [apiv2][body] POST https://upload-firebasehosting.googleapis.com/upload/sites/borak-tools/versions/e5b36d9e58a3c9bc/files/e23b31513e8223b5f09644c6c8b3c3e1ae38968cd662545343312374fcb7cb8c [stream]
[debug] [2022-05-22T09:50:58.913Z] >>> [apiv2][query] POST https://upload-firebasehosting.googleapis.com/upload/sites/borak-tools/versions/e5b36d9e58a3c9bc/files/5931e00321547bb007e0de7feaef88efb66fba9fd25c4907e2b25fb1746fc907 [none]
[debug] [2022-05-22T09:50:58.913Z] >>> [apiv2][body] POST https://upload-firebasehosting.googleapis.com/upload/sites/borak-tools/versions/e5b36d9e58a3c9bc/files/5931e00321547bb007e0de7feaef88efb66fba9fd25c4907e2b25fb1746fc907 [stream]
[debug] [2022-05-22T09:50:58.915Z] >>> [apiv2][query] POST https://upload-firebasehosting.googleapis.com/upload/sites/borak-tools/versions/e5b36d9e58a3c9bc/files/aff3449bdc238776f5d6d967f19ec491b36aed5fb7f23ccff6500736fd58494a [none]
[debug] [2022-05-22T09:50:58.915Z] >>> [apiv2][body] POST https://upload-firebasehosting.googleapis.com/upload/sites/borak-tools/versions/e5b36d9e58a3c9bc/files/aff3449bdc238776f5d6d967f19ec491b36aed5fb7f23ccff6500736fd58494a [stream]
[debug] [2022-05-22T09:50:58.916Z] >>> [apiv2][query] POST https://upload-firebasehosting.googleapis.com/upload/sites/borak-tools/versions/e5b36d9e58a3c9bc/files/d213e60fa7b97d9f516087dfb9fa7f7bd0f89980c915cd2c7f73faf57c27f1e6 [none]
[debug] [2022-05-22T09:50:58.916Z] >>> [apiv2][body] POST https://upload-firebasehosting.googleapis.com/upload/sites/borak-tools/versions/e5b36d9e58a3c9bc/files/d213e60fa7b97d9f516087dfb9fa7f7bd0f89980c915cd2c7f73faf57c27f1e6 [stream]
[debug] [2022-05-22T09:50:58.917Z] >>> [apiv2][query] POST https://upload-firebasehosting.googleapis.com/upload/sites/borak-tools/versions/e5b36d9e58a3c9bc/files/9870cb7c1af42698248b229dcc51c0ea7e41b6914c497aa9f8a4f2a72b9d764a [none]
[debug] [2022-05-22T09:50:58.917Z] >>> [apiv2][body] POST https://upload-firebasehosting.googleapis.com/upload/sites/borak-tools/versions/e5b36d9e58a3c9bc/files/9870cb7c1af42698248b229dcc51c0ea7e41b6914c497aa9f8a4f2a72b9d764a [stream]
[debug] [2022-05-22T09:50:58.918Z] >>> [apiv2][query] POST https://upload-firebasehosting.googleapis.com/upload/sites/borak-tools/versions/e5b36d9e58a3c9bc/files/bfe106a3fb878dc83461c86818bf74fc1bdc7f28538ba613cd3e775516ce8b49 [none]
[debug] [2022-05-22T09:50:58.919Z] >>> [apiv2][body] POST https://upload-firebasehosting.googleapis.com/upload/sites/borak-tools/versions/e5b36d9e58a3c9bc/files/bfe106a3fb878dc83461c86818bf74fc1bdc7f28538ba613cd3e775516ce8b49 [stream]
[debug] [2022-05-22T09:50:58.920Z] >>> [apiv2][query] POST https://upload-firebasehosting.googleapis.com/upload/sites/borak-tools/versions/e5b36d9e58a3c9bc/files/a9013076a9405b2bc92b85009ba8ff6c7fe2b4d888b7f80bfa3a641dc73b4fe7 [none]
[debug] [2022-05-22T09:50:58.920Z] >>> [apiv2][body] POST https://upload-firebasehosting.googleapis.com/upload/sites/borak-tools/versions/e5b36d9e58a3c9bc/files/a9013076a9405b2bc92b85009ba8ff6c7fe2b4d888b7f80bfa3a641dc73b4fe7 [stream]
[debug] [2022-05-22T09:50:58.921Z] >>> [apiv2][query] POST https://upload-firebasehosting.googleapis.com/upload/sites/borak-tools/versions/e5b36d9e58a3c9bc/files/ac764c453a5ee1154dbd258c106efb52d89c302b676d964f5e545b50ac04b9d8 [none]
[debug] [2022-05-22T09:50:58.921Z] >>> [apiv2][body] POST https://upload-firebasehosting.googleapis.com/upload/sites/borak-tools/versions/e5b36d9e58a3c9bc/files/ac764c453a5ee1154dbd258c106efb52d89c302b676d964f5e545b50ac04b9d8 [stream]
[debug] [2022-05-22T09:50:58.922Z] >>> [apiv2][query] POST https://upload-firebasehosting.googleapis.com/upload/sites/borak-tools/versions/e5b36d9e58a3c9bc/files/31e0f9b43730c7534c865afea929998e2928cdb3cdfb24751d9bf58516d3f1d9 [none]
[debug] [2022-05-22T09:50:58.922Z] >>> [apiv2][body] POST https://upload-firebasehosting.googleapis.com/upload/sites/borak-tools/versions/e5b36d9e58a3c9bc/files/31e0f9b43730c7534c865afea929998e2928cdb3cdfb24751d9bf58516d3f1d9 [stream]
[debug] [2022-05-22T09:50:58.923Z] >>> [apiv2][query] POST https://upload-firebasehosting.googleapis.com/upload/sites/borak-tools/versions/e5b36d9e58a3c9bc/files/4d495f52a1eadb8f7aa3cc88418b2ea014adf80ac0415821087acb443cc7afa9 [none]
[debug] [2022-05-22T09:50:58.923Z] >>> [apiv2][body] POST https://upload-firebasehosting.googleapis.com/upload/sites/borak-tools/versions/e5b36d9e58a3c9bc/files/4d495f52a1eadb8f7aa3cc88418b2ea014adf80ac0415821087acb443cc7afa9 [stream]
[debug] [2022-05-22T09:50:58.925Z] >>> [apiv2][query] POST https://upload-firebasehosting.googleapis.com/upload/sites/borak-tools/versions/e5b36d9e58a3c9bc/files/96eda02cef06c46583081aa60e3d6fc09f87bf9ac29569921c2777ed49df5998 [none]
[debug] [2022-05-22T09:50:58.925Z] >>> [apiv2][body] POST https://upload-firebasehosting.googleapis.com/upload/sites/borak-tools/versions/e5b36d9e58a3c9bc/files/96eda02cef06c46583081aa60e3d6fc09f87bf9ac29569921c2777ed49df5998 [stream]
[debug] [2022-05-22T09:50:58.926Z] >>> [apiv2][query] POST https://upload-firebasehosting.googleapis.com/upload/sites/borak-tools/versions/e5b36d9e58a3c9bc/files/d806fffed4f2361a3957d03d38b53323c5ed2cdea76f24e871811fa5cb902d83 [none]
[debug] [2022-05-22T09:50:58.926Z] >>> [apiv2][body] POST https://upload-firebasehosting.googleapis.com/upload/sites/borak-tools/versions/e5b36d9e58a3c9bc/files/d806fffed4f2361a3957d03d38b53323c5ed2cdea76f24e871811fa5cb902d83 [stream]
[debug] [2022-05-22T09:50:58.929Z] >>> [apiv2][query] POST https://upload-firebasehosting.googleapis.com/upload/sites/borak-tools/versions/e5b36d9e58a3c9bc/files/3ee59515172ee198f3be375979df15ac5345183e656720a381b8872b2a39dc8b [none]
[debug] [2022-05-22T09:50:58.929Z] >>> [apiv2][body] POST https://upload-firebasehosting.googleapis.com/upload/sites/borak-tools/versions/e5b36d9e58a3c9bc/files/3ee59515172ee198f3be375979df15ac5345183e656720a381b8872b2a39dc8b [stream]
[debug] [2022-05-22T09:50:58.930Z] >>> [apiv2][query] POST https://upload-firebasehosting.googleapis.com/upload/sites/borak-tools/versions/e5b36d9e58a3c9bc/files/c4cbd9bdc01066ac534efe804a2000d9c9f349a95aba9adcd166903c496b2ead [none]
[debug] [2022-05-22T09:50:58.930Z] >>> [apiv2][body] POST https://upload-firebasehosting.googleapis.com/upload/sites/borak-tools/versions/e5b36d9e58a3c9bc/files/c4cbd9bdc01066ac534efe804a2000d9c9f349a95aba9adcd166903c496b2ead [stream]
[debug] [2022-05-22T09:50:58.931Z] >>> [apiv2][query] POST https://upload-firebasehosting.googleapis.com/upload/sites/borak-tools/versions/e5b36d9e58a3c9bc/files/f4b992d95aa5991a56d8fb5c71e379887626235dece31121041a1b7813c7f74e [none]
[debug] [2022-05-22T09:50:58.932Z] >>> [apiv2][body] POST https://upload-firebasehosting.googleapis.com/upload/sites/borak-tools/versions/e5b36d9e58a3c9bc/files/f4b992d95aa5991a56d8fb5c71e379887626235dece31121041a1b7813c7f74e [stream]
[debug] [2022-05-22T09:50:58.932Z] >>> [apiv2][query] POST https://upload-firebasehosting.googleapis.com/upload/sites/borak-tools/versions/e5b36d9e58a3c9bc/files/ee7e2f3fdb8209c4b6fd7bef6ba50d1b9dba30a25bb5c3126df057e1cb6f5331 [none]
[debug] [2022-05-22T09:50:58.932Z] >>> [apiv2][body] POST https://upload-firebasehosting.googleapis.com/upload/sites/borak-tools/versions/e5b36d9e58a3c9bc/files/ee7e2f3fdb8209c4b6fd7bef6ba50d1b9dba30a25bb5c3126df057e1cb6f5331 [stream]
[debug] [2022-05-22T09:50:58.933Z] >>> [apiv2][query] POST https://upload-firebasehosting.googleapis.com/upload/sites/borak-tools/versions/e5b36d9e58a3c9bc/files/77ee3612611a4f1785d07d08165bf9550fc8e01a6b815f99fac095f31a16995a [none]
[debug] [2022-05-22T09:50:58.933Z] >>> [apiv2][body] POST https://upload-firebasehosting.googleapis.com/upload/sites/borak-tools/versions/e5b36d9e58a3c9bc/files/77ee3612611a4f1785d07d08165bf9550fc8e01a6b815f99fac095f31a16995a [stream]
[debug] [2022-05-22T09:50:58.934Z] >>> [apiv2][query] POST https://upload-firebasehosting.googleapis.com/upload/sites/borak-tools/versions/e5b36d9e58a3c9bc/files/60231b39911c54ca85ae5ff6749e433def896232887577957c0f2d392c1419ef [none]
[debug] [2022-05-22T09:50:58.934Z] >>> [apiv2][body] POST https://upload-firebasehosting.googleapis.com/upload/sites/borak-tools/versions/e5b36d9e58a3c9bc/files/60231b39911c54ca85ae5ff6749e433def896232887577957c0f2d392c1419ef [stream]
[debug] [2022-05-22T09:50:58.935Z] >>> [apiv2][query] POST https://upload-firebasehosting.googleapis.com/upload/sites/borak-tools/versions/e5b36d9e58a3c9bc/files/f389f07ae6a93d8b82ec234e0e020b03cd2809e5ac72c4195f6e0bb4ed6fcacb [none]
[debug] [2022-05-22T09:50:58.935Z] >>> [apiv2][body] POST https://upload-firebasehosting.googleapis.com/upload/sites/borak-tools/versions/e5b36d9e58a3c9bc/files/f389f07ae6a93d8b82ec234e0e020b03cd2809e5ac72c4195f6e0bb4ed6fcacb [stream]
[debug] [2022-05-22T09:50:58.936Z] >>> [apiv2][query] POST https://upload-firebasehosting.googleapis.com/upload/sites/borak-tools/versions/e5b36d9e58a3c9bc/files/a993c08b62d8f1a0bb5072fc2a64b164cb0ab0a93a1b3812c6e4198561a36426 [none]
[debug] [2022-05-22T09:50:58.936Z] >>> [apiv2][body] POST https://upload-firebasehosting.googleapis.com/upload/sites/borak-tools/versions/e5b36d9e58a3c9bc/files/a993c08b62d8f1a0bb5072fc2a64b164cb0ab0a93a1b3812c6e4198561a36426 [stream]
[debug] [2022-05-22T09:50:58.937Z] >>> [apiv2][query] POST https://upload-firebasehosting.googleapis.com/upload/sites/borak-tools/versions/e5b36d9e58a3c9bc/files/ab653c1881bd570f7597a1d78f93107665b9d1c89bdc55a41593d705a9a4762a [none]
[debug] [2022-05-22T09:50:58.937Z] >>> [apiv2][body] POST https://upload-firebasehosting.googleapis.com/upload/sites/borak-tools/versions/e5b36d9e58a3c9bc/files/ab653c1881bd570f7597a1d78f93107665b9d1c89bdc55a41593d705a9a4762a [stream]
[debug] [2022-05-22T09:50:58.938Z] >>> [apiv2][query] POST https://upload-firebasehosting.googleapis.com/upload/sites/borak-tools/versions/e5b36d9e58a3c9bc/files/dbf6574e81572fae1b5fc46dee4deca8f6ecd7d71e31dda822f16ea26ebe40ec [none]
[debug] [2022-05-22T09:50:58.938Z] >>> [apiv2][body] POST https://upload-firebasehosting.googleapis.com/upload/sites/borak-tools/versions/e5b36d9e58a3c9bc/files/dbf6574e81572fae1b5fc46dee4deca8f6ecd7d71e31dda822f16ea26ebe40ec [stream]
[debug] [2022-05-22T09:50:58.939Z] >>> [apiv2][query] POST https://upload-firebasehosting.googleapis.com/upload/sites/borak-tools/versions/e5b36d9e58a3c9bc/files/ab45710173ecad0a3d2de83a065b165d6bd3dc57935f9468d3651201dbed2ed9 [none]
[debug] [2022-05-22T09:50:58.939Z] >>> [apiv2][body] POST https://upload-firebasehosting.googleapis.com/upload/sites/borak-tools/versions/e5b36d9e58a3c9bc/files/ab45710173ecad0a3d2de83a065b165d6bd3dc57935f9468d3651201dbed2ed9 [stream]
[debug] [2022-05-22T09:50:58.939Z] >>> [apiv2][query] POST https://upload-firebasehosting.googleapis.com/upload/sites/borak-tools/versions/e5b36d9e58a3c9bc/files/45db50bbc5d76e5acb55eb108bc614fc227d5ea9add816e4c088d950107d4e7d [none]
[debug] [2022-05-22T09:50:58.939Z] >>> [apiv2][body] POST https://upload-firebasehosting.googleapis.com/upload/sites/borak-tools/versions/e5b36d9e58a3c9bc/files/45db50bbc5d76e5acb55eb108bc614fc227d5ea9add816e4c088d950107d4e7d [stream]
[debug] [2022-05-22T09:50:58.940Z] >>> [apiv2][query] POST https://upload-firebasehosting.googleapis.com/upload/sites/borak-tools/versions/e5b36d9e58a3c9bc/files/e93386d85c6913d63867ca7d718ff5f1780dfd3871f358bce6e918ab1d29ff83 [none]
[debug] [2022-05-22T09:50:58.940Z] >>> [apiv2][body] POST https://upload-firebasehosting.googleapis.com/upload/sites/borak-tools/versions/e5b36d9e58a3c9bc/files/e93386d85c6913d63867ca7d718ff5f1780dfd3871f358bce6e918ab1d29ff83 [stream]
[debug] [2022-05-22T09:50:58.941Z] [hosting][populate queue][FINAL] {"max":2142,"min":2142,"avg":2142,"active":0,"complete":1,"success":1,"errored":0,"retried":0,"total":1,"elapsed":2172}
[debug] [2022-05-22T09:50:58.941Z] [hosting] uploads queued: 25
[debug] [2022-05-22T09:51:00.777Z] <<< [apiv2][status] POST https://upload-firebasehosting.googleapis.com/upload/sites/borak-tools/versions/e5b36d9e58a3c9bc/files/c4cbd9bdc01066ac534efe804a2000d9c9f349a95aba9adcd166903c496b2ead 200
[debug] [2022-05-22T09:51:00.778Z] <<< [apiv2][body] POST https://upload-firebasehosting.googleapis.com/upload/sites/borak-tools/versions/e5b36d9e58a3c9bc/files/c4cbd9bdc01066ac534efe804a2000d9c9f349a95aba9adcd166903c496b2ead [stream]
[debug] [2022-05-22T09:51:00.910Z] <<< [apiv2][status] POST https://upload-firebasehosting.googleapis.com/upload/sites/borak-tools/versions/e5b36d9e58a3c9bc/files/f389f07ae6a93d8b82ec234e0e020b03cd2809e5ac72c4195f6e0bb4ed6fcacb 200
[debug] [2022-05-22T09:51:00.910Z] <<< [apiv2][body] POST https://upload-firebasehosting.googleapis.com/upload/sites/borak-tools/versions/e5b36d9e58a3c9bc/files/f389f07ae6a93d8b82ec234e0e020b03cd2809e5ac72c4195f6e0bb4ed6fcacb [stream]
[debug] [2022-05-22T09:51:01.004Z] <<< [apiv2][status] POST https://upload-firebasehosting.googleapis.com/upload/sites/borak-tools/versions/e5b36d9e58a3c9bc/files/ac764c453a5ee1154dbd258c106efb52d89c302b676d964f5e545b50ac04b9d8 200
[debug] [2022-05-22T09:51:01.004Z] <<< [apiv2][body] POST https://upload-firebasehosting.googleapis.com/upload/sites/borak-tools/versions/e5b36d9e58a3c9bc/files/ac764c453a5ee1154dbd258c106efb52d89c302b676d964f5e545b50ac04b9d8 [stream]
[debug] [2022-05-22T09:51:01.185Z] <<< [apiv2][status] POST https://upload-firebasehosting.googleapis.com/upload/sites/borak-tools/versions/e5b36d9e58a3c9bc/files/3ee59515172ee198f3be375979df15ac5345183e656720a381b8872b2a39dc8b 200
[debug] [2022-05-22T09:51:01.185Z] <<< [apiv2][body] POST https://upload-firebasehosting.googleapis.com/upload/sites/borak-tools/versions/e5b36d9e58a3c9bc/files/3ee59515172ee198f3be375979df15ac5345183e656720a381b8872b2a39dc8b [stream]
[debug] [2022-05-22T09:51:01.224Z] <<< [apiv2][status] POST https://upload-firebasehosting.googleapis.com/upload/sites/borak-tools/versions/e5b36d9e58a3c9bc/files/9870cb7c1af42698248b229dcc51c0ea7e41b6914c497aa9f8a4f2a72b9d764a 200
[debug] [2022-05-22T09:51:01.225Z] <<< [apiv2][body] POST https://upload-firebasehosting.googleapis.com/upload/sites/borak-tools/versions/e5b36d9e58a3c9bc/files/9870cb7c1af42698248b229dcc51c0ea7e41b6914c497aa9f8a4f2a72b9d764a [stream]
[debug] [2022-05-22T09:51:01.419Z] <<< [apiv2][status] POST https://upload-firebasehosting.googleapis.com/upload/sites/borak-tools/versions/e5b36d9e58a3c9bc/files/77ee3612611a4f1785d07d08165bf9550fc8e01a6b815f99fac095f31a16995a 200
[debug] [2022-05-22T09:51:01.419Z] <<< [apiv2][body] POST https://upload-firebasehosting.googleapis.com/upload/sites/borak-tools/versions/e5b36d9e58a3c9bc/files/77ee3612611a4f1785d07d08165bf9550fc8e01a6b815f99fac095f31a16995a [stream]
[debug] [2022-05-22T09:51:01.621Z] <<< [apiv2][status] POST https://upload-firebasehosting.googleapis.com/upload/sites/borak-tools/versions/e5b36d9e58a3c9bc/files/d806fffed4f2361a3957d03d38b53323c5ed2cdea76f24e871811fa5cb902d83 200
[debug] [2022-05-22T09:51:01.621Z] <<< [apiv2][body] POST https://upload-firebasehosting.googleapis.com/upload/sites/borak-tools/versions/e5b36d9e58a3c9bc/files/d806fffed4f2361a3957d03d38b53323c5ed2cdea76f24e871811fa5cb902d83 [stream]
[debug] [2022-05-22T09:51:01.646Z] <<< [apiv2][status] POST https://upload-firebasehosting.googleapis.com/upload/sites/borak-tools/versions/e5b36d9e58a3c9bc/files/96eda02cef06c46583081aa60e3d6fc09f87bf9ac29569921c2777ed49df5998 200
[debug] [2022-05-22T09:51:01.646Z] <<< [apiv2][body] POST https://upload-firebasehosting.googleapis.com/upload/sites/borak-tools/versions/e5b36d9e58a3c9bc/files/96eda02cef06c46583081aa60e3d6fc09f87bf9ac29569921c2777ed49df5998 [stream]
[debug] [2022-05-22T09:51:01.706Z] <<< [apiv2][status] POST https://upload-firebasehosting.googleapis.com/upload/sites/borak-tools/versions/e5b36d9e58a3c9bc/files/aff3449bdc238776f5d6d967f19ec491b36aed5fb7f23ccff6500736fd58494a 200
[debug] [2022-05-22T09:51:01.706Z] <<< [apiv2][body] POST https://upload-firebasehosting.googleapis.com/upload/sites/borak-tools/versions/e5b36d9e58a3c9bc/files/aff3449bdc238776f5d6d967f19ec491b36aed5fb7f23ccff6500736fd58494a [stream]
[debug] [2022-05-22T09:51:01.776Z] <<< [apiv2][status] POST https://upload-firebasehosting.googleapis.com/upload/sites/borak-tools/versions/e5b36d9e58a3c9bc/files/bfe106a3fb878dc83461c86818bf74fc1bdc7f28538ba613cd3e775516ce8b49 200
[debug] [2022-05-22T09:51:01.776Z] <<< [apiv2][body] POST https://upload-firebasehosting.googleapis.com/upload/sites/borak-tools/versions/e5b36d9e58a3c9bc/files/bfe106a3fb878dc83461c86818bf74fc1bdc7f28538ba613cd3e775516ce8b49 [stream]
[debug] [2022-05-22T09:51:01.788Z] <<< [apiv2][status] POST https://upload-firebasehosting.googleapis.com/upload/sites/borak-tools/versions/e5b36d9e58a3c9bc/files/f4b992d95aa5991a56d8fb5c71e379887626235dece31121041a1b7813c7f74e 200
[debug] [2022-05-22T09:51:01.788Z] <<< [apiv2][body] POST https://upload-firebasehosting.googleapis.com/upload/sites/borak-tools/versions/e5b36d9e58a3c9bc/files/f4b992d95aa5991a56d8fb5c71e379887626235dece31121041a1b7813c7f74e [stream]
[debug] [2022-05-22T09:51:01.879Z] <<< [apiv2][status] POST https://upload-firebasehosting.googleapis.com/upload/sites/borak-tools/versions/e5b36d9e58a3c9bc/files/ab653c1881bd570f7597a1d78f93107665b9d1c89bdc55a41593d705a9a4762a 200
[debug] [2022-05-22T09:51:01.880Z] <<< [apiv2][body] POST https://upload-firebasehosting.googleapis.com/upload/sites/borak-tools/versions/e5b36d9e58a3c9bc/files/ab653c1881bd570f7597a1d78f93107665b9d1c89bdc55a41593d705a9a4762a [stream]
[debug] [2022-05-22T09:51:01.949Z] <<< [apiv2][status] POST https://upload-firebasehosting.googleapis.com/upload/sites/borak-tools/versions/e5b36d9e58a3c9bc/files/e23b31513e8223b5f09644c6c8b3c3e1ae38968cd662545343312374fcb7cb8c 200
[debug] [2022-05-22T09:51:01.949Z] <<< [apiv2][body] POST https://upload-firebasehosting.googleapis.com/upload/sites/borak-tools/versions/e5b36d9e58a3c9bc/files/e23b31513e8223b5f09644c6c8b3c3e1ae38968cd662545343312374fcb7cb8c [stream]
[debug] [2022-05-22T09:51:02.001Z] <<< [apiv2][status] POST https://upload-firebasehosting.googleapis.com/upload/sites/borak-tools/versions/e5b36d9e58a3c9bc/files/ab45710173ecad0a3d2de83a065b165d6bd3dc57935f9468d3651201dbed2ed9 200
[debug] [2022-05-22T09:51:02.001Z] <<< [apiv2][body] POST https://upload-firebasehosting.googleapis.com/upload/sites/borak-tools/versions/e5b36d9e58a3c9bc/files/ab45710173ecad0a3d2de83a065b165d6bd3dc57935f9468d3651201dbed2ed9 [stream]
[debug] [2022-05-22T09:51:02.042Z] <<< [apiv2][status] POST https://upload-firebasehosting.googleapis.com/upload/sites/borak-tools/versions/e5b36d9e58a3c9bc/files/31e0f9b43730c7534c865afea929998e2928cdb3cdfb24751d9bf58516d3f1d9 200
[debug] [2022-05-22T09:51:02.042Z] <<< [apiv2][body] POST https://upload-firebasehosting.googleapis.com/upload/sites/borak-tools/versions/e5b36d9e58a3c9bc/files/31e0f9b43730c7534c865afea929998e2928cdb3cdfb24751d9bf58516d3f1d9 [stream]
[debug] [2022-05-22T09:51:02.164Z] <<< [apiv2][status] POST https://upload-firebasehosting.googleapis.com/upload/sites/borak-tools/versions/e5b36d9e58a3c9bc/files/d213e60fa7b97d9f516087dfb9fa7f7bd0f89980c915cd2c7f73faf57c27f1e6 200
[debug] [2022-05-22T09:51:02.164Z] <<< [apiv2][body] POST https://upload-firebasehosting.googleapis.com/upload/sites/borak-tools/versions/e5b36d9e58a3c9bc/files/d213e60fa7b97d9f516087dfb9fa7f7bd0f89980c915cd2c7f73faf57c27f1e6 [stream]
[debug] [2022-05-22T09:51:02.195Z] <<< [apiv2][status] POST https://upload-firebasehosting.googleapis.com/upload/sites/borak-tools/versions/e5b36d9e58a3c9bc/files/a9013076a9405b2bc92b85009ba8ff6c7fe2b4d888b7f80bfa3a641dc73b4fe7 200
[debug] [2022-05-22T09:51:02.195Z] <<< [apiv2][body] POST https://upload-firebasehosting.googleapis.com/upload/sites/borak-tools/versions/e5b36d9e58a3c9bc/files/a9013076a9405b2bc92b85009ba8ff6c7fe2b4d888b7f80bfa3a641dc73b4fe7 [stream]
[debug] [2022-05-22T09:51:02.389Z] <<< [apiv2][status] POST https://upload-firebasehosting.googleapis.com/upload/sites/borak-tools/versions/e5b36d9e58a3c9bc/files/45db50bbc5d76e5acb55eb108bc614fc227d5ea9add816e4c088d950107d4e7d 200
[debug] [2022-05-22T09:51:02.389Z] <<< [apiv2][body] POST https://upload-firebasehosting.googleapis.com/upload/sites/borak-tools/versions/e5b36d9e58a3c9bc/files/45db50bbc5d76e5acb55eb108bc614fc227d5ea9add816e4c088d950107d4e7d [stream]
[debug] [2022-05-22T09:51:02.499Z] <<< [apiv2][status] POST https://upload-firebasehosting.googleapis.com/upload/sites/borak-tools/versions/e5b36d9e58a3c9bc/files/5931e00321547bb007e0de7feaef88efb66fba9fd25c4907e2b25fb1746fc907 200
[debug] [2022-05-22T09:51:02.499Z] <<< [apiv2][body] POST https://upload-firebasehosting.googleapis.com/upload/sites/borak-tools/versions/e5b36d9e58a3c9bc/files/5931e00321547bb007e0de7feaef88efb66fba9fd25c4907e2b25fb1746fc907 [stream]
[debug] [2022-05-22T09:51:02.549Z] <<< [apiv2][status] POST https://upload-firebasehosting.googleapis.com/upload/sites/borak-tools/versions/e5b36d9e58a3c9bc/files/ee7e2f3fdb8209c4b6fd7bef6ba50d1b9dba30a25bb5c3126df057e1cb6f5331 200
[debug] [2022-05-22T09:51:02.549Z] <<< [apiv2][body] POST https://upload-firebasehosting.googleapis.com/upload/sites/borak-tools/versions/e5b36d9e58a3c9bc/files/ee7e2f3fdb8209c4b6fd7bef6ba50d1b9dba30a25bb5c3126df057e1cb6f5331 [stream]
[debug] [2022-05-22T09:51:02.935Z] <<< [apiv2][status] POST https://upload-firebasehosting.googleapis.com/upload/sites/borak-tools/versions/e5b36d9e58a3c9bc/files/60231b39911c54ca85ae5ff6749e433def896232887577957c0f2d392c1419ef 200
[debug] [2022-05-22T09:51:02.935Z] <<< [apiv2][body] POST https://upload-firebasehosting.googleapis.com/upload/sites/borak-tools/versions/e5b36d9e58a3c9bc/files/60231b39911c54ca85ae5ff6749e433def896232887577957c0f2d392c1419ef [stream]
[debug] [2022-05-22T09:51:03.778Z] <<< [apiv2][status] POST https://upload-firebasehosting.googleapis.com/upload/sites/borak-tools/versions/e5b36d9e58a3c9bc/files/a993c08b62d8f1a0bb5072fc2a64b164cb0ab0a93a1b3812c6e4198561a36426 200
[debug] [2022-05-22T09:51:03.778Z] <<< [apiv2][body] POST https://upload-firebasehosting.googleapis.com/upload/sites/borak-tools/versions/e5b36d9e58a3c9bc/files/a993c08b62d8f1a0bb5072fc2a64b164cb0ab0a93a1b3812c6e4198561a36426 [stream]
[debug] [2022-05-22T09:51:04.148Z] <<< [apiv2][status] POST https://upload-firebasehosting.googleapis.com/upload/sites/borak-tools/versions/e5b36d9e58a3c9bc/files/dbf6574e81572fae1b5fc46dee4deca8f6ecd7d71e31dda822f16ea26ebe40ec 200
[debug] [2022-05-22T09:51:04.148Z] <<< [apiv2][body] POST https://upload-firebasehosting.googleapis.com/upload/sites/borak-tools/versions/e5b36d9e58a3c9bc/files/dbf6574e81572fae1b5fc46dee4deca8f6ecd7d71e31dda822f16ea26ebe40ec [stream]
[debug] [2022-05-22T09:51:04.714Z] <<< [apiv2][status] POST https://upload-firebasehosting.googleapis.com/upload/sites/borak-tools/versions/e5b36d9e58a3c9bc/files/4d495f52a1eadb8f7aa3cc88418b2ea014adf80ac0415821087acb443cc7afa9 200
[debug] [2022-05-22T09:51:04.714Z] <<< [apiv2][body] POST https://upload-firebasehosting.googleapis.com/upload/sites/borak-tools/versions/e5b36d9e58a3c9bc/files/4d495f52a1eadb8f7aa3cc88418b2ea014adf80ac0415821087acb443cc7afa9 [stream]
[debug] [2022-05-22T09:51:05.774Z] <<< [apiv2][status] POST https://upload-firebasehosting.googleapis.com/upload/sites/borak-tools/versions/e5b36d9e58a3c9bc/files/e93386d85c6913d63867ca7d718ff5f1780dfd3871f358bce6e918ab1d29ff83 200
[debug] [2022-05-22T09:51:05.774Z] <<< [apiv2][body] POST https://upload-firebasehosting.googleapis.com/upload/sites/borak-tools/versions/e5b36d9e58a3c9bc/files/e93386d85c6913d63867ca7d718ff5f1780dfd3871f358bce6e918ab1d29ff83 [stream]
[debug] [2022-05-22T09:51:05.774Z] [hosting][upload queue][FINAL] {"max":6863,"min":1869,"avg":3334.44,"active":0,"complete":25,"success":25,"errored":0,"retried":0,"total":25,"elapsed":6868}
[info] +  hosting[borak-tools]: file upload complete 
[debug] [2022-05-22T09:51:05.775Z] [hosting] deploy completed after 9334ms
[debug] [2022-05-22T09:51:05.779Z] [
  {
    "config": {
      "public": "build",
      "ignore": [
        "firebase.json",
        "**/.*",
        "**/node_modules/**"
      ],
      "rewrites": [
        {
          "source": "**",
          "destination": "/index.html"
        }
      ],
      "site": "borak-tools"
    },
    "site": "borak-tools",
    "version": "projects/360932532828/sites/borak-tools/versions/e5b36d9e58a3c9bc"
  }
]
[info] i  hosting[borak-tools]: finalizing version... 
[debug] [2022-05-22T09:51:05.781Z] >>> [apiv2][query] PATCH https://firebasehosting.googleapis.com/v1beta1/projects/360932532828/sites/borak-tools/versions/e5b36d9e58a3c9bc updateMask=status%2Cconfig
[debug] [2022-05-22T09:51:05.781Z] >>> [apiv2][body] PATCH https://firebasehosting.googleapis.com/v1beta1/projects/360932532828/sites/borak-tools/versions/e5b36d9e58a3c9bc {"status":"FINALIZED","config":{"rewrites":[{"glob":"**","path":"/index.html"}]}}
[debug] [2022-05-22T09:51:07.602Z] <<< [apiv2][status] PATCH https://firebasehosting.googleapis.com/v1beta1/projects/360932532828/sites/borak-tools/versions/e5b36d9e58a3c9bc 200
[debug] [2022-05-22T09:51:07.602Z] <<< [apiv2][body] PATCH https://firebasehosting.googleapis.com/v1beta1/projects/360932532828/sites/borak-tools/versions/e5b36d9e58a3c9bc {"name":"projects/360932532828/sites/borak-tools/versions/e5b36d9e58a3c9bc","status":"FINALIZED","config":{"rewrites":[{"glob":"**","path":"/index.html"}]},"labels":{"deployment-tool":"cli-firebase"},"createTime":"2022-05-22T09:50:55.825283Z","createUser":{"email":"asadjulhas@gmail.com"},"finalizeTime":"2022-05-22T09:51:07.855038Z","finalizeUser":{"email":"asadjulhas@gmail.com"}}
[debug] [2022-05-22T09:51:07.602Z] [hosting] finalized version for borak-tools:[object Object]
[info] +  hosting[borak-tools]: version finalized 
[info] i  hosting[borak-tools]: releasing new version... 
[debug] [2022-05-22T09:51:07.604Z] >>> [apiv2][query] POST https://firebasehosting.googleapis.com/v1beta1/projects/360932532828/sites/borak-tools/releases versionName=projects%2F360932532828%2Fsites%2Fborak-tools%2Fversions%2Fe5b36d9e58a3c9bc
[debug] [2022-05-22T09:51:07.604Z] >>> [apiv2][body] POST https://firebasehosting.googleapis.com/v1beta1/projects/360932532828/sites/borak-tools/releases {"message":null}
[debug] [2022-05-22T09:51:09.658Z] <<< [apiv2][status] POST https://firebasehosting.googleapis.com/v1beta1/projects/360932532828/sites/borak-tools/releases 200
[debug] [2022-05-22T09:51:09.658Z] <<< [apiv2][body] POST https://firebasehosting.googleapis.com/v1beta1/projects/360932532828/sites/borak-tools/releases {"name":"projects/360932532828/sites/borak-tools/releases/1653213069077715","version":{"name":"projects/360932532828/sites/borak-tools/versions/e5b36d9e58a3c9bc","status":"FINALIZED","config":{"rewrites":[{"glob":"**","path":"/index.html"}]},"labels":{"deployment-tool":"cli-firebase"},"createTime":"2022-05-22T09:50:55.825283Z","createUser":{"email":"asadjulhas@gmail.com","imageUrl":"https://lh3.googleusercontent.com/a-/AOh14GjbQyez7UAjIhQkURcdY8g1aXzl8k7-1_rP_3Dbcw"},"finalizeTime":"2022-05-22T09:51:07.855038Z","finalizeUser":{"email":"asadjulhas@gmail.com","imageUrl":"https://lh3.googleusercontent.com/a-/AOh14GjbQyez7UAjIhQkURcdY8g1aXzl8k7-1_rP_3Dbcw"}},"type":"DEPLOY","releaseTime":"2022-05-22T09:51:09.077715010Z","releaseUser":{"email":"asadjulhas@gmail.com","imageUrl":"https://lh3.googleusercontent.com/a-/AOh14GjbQyez7UAjIhQkURcdY8g1aXzl8k7-1_rP_3Dbcw"}}
[debug] [2022-05-22T09:51:09.658Z] [hosting] release: {"name":"projects/360932532828/sites/borak-tools/releases/1653213069077715","version":{"name":"projects/360932532828/sites/borak-tools/versions/e5b36d9e58a3c9bc","status":"FINALIZED","config":{"rewrites":[{"glob":"**","path":"/index.html"}]},"labels":{"deployment-tool":"cli-firebase"},"createTime":"2022-05-22T09:50:55.825283Z","createUser":{"email":"asadjulhas@gmail.com","imageUrl":"https://lh3.googleusercontent.com/a-/AOh14GjbQyez7UAjIhQkURcdY8g1aXzl8k7-1_rP_3Dbcw"},"finalizeTime":"2022-05-22T09:51:07.855038Z","finalizeUser":{"email":"asadjulhas@gmail.com","imageUrl":"https://lh3.googleusercontent.com/a-/AOh14GjbQyez7UAjIhQkURcdY8g1aXzl8k7-1_rP_3Dbcw"}},"type":"DEPLOY","releaseTime":"2022-05-22T09:51:09.077715010Z","releaseUser":{"email":"asadjulhas@gmail.com","imageUrl":"https://lh3.googleusercontent.com/a-/AOh14GjbQyez7UAjIhQkURcdY8g1aXzl8k7-1_rP_3Dbcw"}}
[info] +  hosting[borak-tools]: release complete 
